# JRE version: OpenJDK Runtime Environment (8.0_112-b06) (build 1.8.0_112-release-b06)
# Java VM: OpenJDK 64-Bit Server VM (25.112-b06 mixed mode linux-amd64 compressed oops)
Heap:
 PSYoungGen      total 316416K, used 308183K [0x00000000e0000000, 0x00000000fd680000, 0x0000000100000000)
  eden space 195072K, 99% used [0x00000000e0000000,0x00000000ebe71680,0x00000000ebe80000)
  from space 121344K, 93% used [0x00000000ebe80000,0x00000000f2d04600,0x00000000f3500000)
  to   space 140800K, 78% used [0x00000000f4d00000,0x00000000fb929710,0x00000000fd680000)
 ParOldGen       total 1048576K, used 193892K [0x00000000a0000000, 0x00000000e0000000, 0x00000000e0000000)
  object space 1048576K, 18% used [0x00000000a0000000,0x00000000abd590d8,0x00000000e0000000)
 Metaspace       used 111102K, capacity 117018K, committed 117288K, reserved 1150976K
  class space    used 13808K, capacity 14775K, committed 14896K, reserved 1048576K
GC Heap History (10 events):
Event: 2514.188 GC heap after
Heap after GC invocations=158 (full 17):
 PSYoungGen      total 212992K, used 20431K [0x00000000e0000000, 0x00000000fc400000, 0x0000000100000000)
  eden space 192512K, 0% used [0x00000000e0000000,0x00000000e0000000,0x00000000ebc00000)
  from space 20480K, 99% used [0x00000000ebc00000,0x00000000ecff3c88,0x00000000ed000000)
  to   space 133120K, 0% used [0x00000000f4200000,0x00000000f4200000,0x00000000fc400000)
 ParOldGen       total 836096K, used 193876K [0x00000000a0000000, 0x00000000d3080000, 0x00000000e0000000)
  object space 836096K, 23% used [0x00000000a0000000,0x00000000abd550d8,0x00000000d3080000)
 Metaspace       used 98079K, capacity 103116K, committed 103208K, reserved 1138688K
  class space    used 12175K, capacity 13036K, committed 13104K, reserved 1048576K
}
Event: 2583.873 GC heap before
{Heap before GC invocations=159 (full 17):
 PSYoungGen      total 212992K, used 212943K [0x00000000e0000000, 0x00000000fc400000, 0x0000000100000000)
  eden space 192512K, 100% used [0x00000000e0000000,0x00000000ebc00000,0x00000000ebc00000)
  from space 20480K, 99% used [0x00000000ebc00000,0x00000000ecff3c88,0x00000000ed000000)
  to   space 133120K, 0% used [0x00000000f4200000,0x00000000f4200000,0x00000000fc400000)
 ParOldGen       total 836096K, used 193876K [0x00000000a0000000, 0x00000000d3080000, 0x00000000e0000000)
  object space 836096K, 23% used [0x00000000a0000000,0x00000000abd550d8,0x00000000d3080000)
 Metaspace       used 103988K, capacity 109576K, committed 109736K, reserved 1144832K
  class space    used 13003K, capacity 13938K, committed 14000K, reserved 1048576K
Event: 2583.911 GC heap after
Heap after GC invocations=159 (full 17):
 PSYoungGen      total 312320K, used 29526K [0x00000000e0000000, 0x00000000fb380000, 0x0000000100000000)
  eden space 196096K, 0% used [0x00000000e0000000,0x00000000e0000000,0x00000000ebf80000)
  from space 116224K, 25% used [0x00000000f4200000,0x00000000f5ed5bb0,0x00000000fb380000)
  to   space 124928K, 0% used [0x00000000ebf80000,0x00000000ebf80000,0x00000000f3980000)
 ParOldGen       total 836096K, used 193884K [0x00000000a0000000, 0x00000000d3080000, 0x00000000e0000000)
  object space 836096K, 23% used [0x00000000a0000000,0x00000000abd570d8,0x00000000d3080000)
 Metaspace       used 103988K, capacity 109576K, committed 109736K, reserved 1144832K
  class space    used 13003K, capacity 13938K, committed 14000K, reserved 1048576K
}
Event: 3747.048 GC heap before
{Heap before GC invocations=160 (full 17):
 PSYoungGen      total 312320K, used 225622K [0x00000000e0000000, 0x00000000fb380000, 0x0000000100000000)
  eden space 196096K, 100% used [0x00000000e0000000,0x00000000ebf80000,0x00000000ebf80000)
  from space 116224K, 25% used [0x00000000f4200000,0x00000000f5ed5bb0,0x00000000fb380000)
  to   space 124928K, 0% used [0x00000000ebf80000,0x00000000ebf80000,0x00000000f3980000)
 ParOldGen       total 836096K, used 193884K [0x00000000a0000000, 0x00000000d3080000, 0x00000000e0000000)
  object space 836096K, 23% used [0x00000000a0000000,0x00000000abd570d8,0x00000000d3080000)
 Metaspace       used 106554K, capacity 112452K, committed 112552K, reserved 1146880K
  class space    used 13254K, capacity 14184K, committed 14256K, reserved 1048576K
Event: 3747.077 GC heap after
Heap after GC invocations=160 (full 17):
 PSYoungGen      total 222208K, used 25992K [0x00000000e0000000, 0x00000000fa800000, 0x0000000100000000)
  eden space 196096K, 0% used [0x00000000e0000000,0x00000000e0000000,0x00000000ebf80000)
  from space 26112K, 99% used [0x00000000ebf80000,0x00000000ed8e21d0,0x00000000ed900000)
  to   space 117760K, 0% used [0x00000000f3500000,0x00000000f3500000,0x00000000fa800000)
 ParOldGen       total 836096K, used 193884K [0x00000000a0000000, 0x00000000d3080000, 0x00000000e0000000)
  object space 836096K, 23% used [0x00000000a0000000,0x00000000abd570d8,0x00000000d3080000)
 Metaspace       used 106554K, capacity 112452K, committed 112552K, reserved 1146880K
  class space    used 13254K, capacity 14184K, committed 14256K, reserved 1048576K
}
Event: 3747.759 GC heap before
{Heap before GC invocations=161 (full 17):
 PSYoungGen      total 222208K, used 222088K [0x00000000e0000000, 0x00000000fa800000, 0x0000000100000000)
  eden space 196096K, 100% used [0x00000000e0000000,0x00000000ebf80000,0x00000000ebf80000)
  from space 26112K, 99% used [0x00000000ebf80000,0x00000000ed8e21d0,0x00000000ed900000)
  to   space 117760K, 0% used [0x00000000f3500000,0x00000000f3500000,0x00000000fa800000)
 ParOldGen       total 836096K, used 193884K [0x00000000a0000000, 0x00000000d3080000, 0x00000000e0000000)
  object space 836096K, 23% used [0x00000000a0000000,0x00000000abd570d8,0x00000000d3080000)
 Metaspace       used 107430K, capacity 113408K, committed 113704K, reserved 1148928K
  class space    used 13331K, capacity 14282K, committed 14384K, reserved 1048576K
Event: 3747.811 GC heap after
Heap after GC invocations=161 (full 17):
 PSYoungGen      total 312832K, used 67747K [0x00000000e0000000, 0x00000000fb080000, 0x0000000100000000)
  eden space 195072K, 0% used [0x00000000e0000000,0x00000000e0000000,0x00000000ebe80000)
  from space 117760K, 57% used [0x00000000f3500000,0x00000000f7728f18,0x00000000fa800000)
  to   space 121344K, 0% used [0x00000000ebe80000,0x00000000ebe80000,0x00000000f3500000)
 ParOldGen       total 836096K, used 193884K [0x00000000a0000000, 0x00000000d3080000, 0x00000000e0000000)
  object space 836096K, 23% used [0x00000000a0000000,0x00000000abd570d8,0x00000000d3080000)
 Metaspace       used 107430K, capacity 113408K, committed 113704K, reserved 1148928K
  class space    used 13331K, capacity 14282K, committed 14384K, reserved 1048576K
}
Event: 3748.875 GC heap before
{Heap before GC invocations=162 (full 17):
 PSYoungGen      total 312832K, used 262819K [0x00000000e0000000, 0x00000000fb080000, 0x0000000100000000)
  eden space 195072K, 100% used [0x00000000e0000000,0x00000000ebe80000,0x00000000ebe80000)
  from space 117760K, 57% used [0x00000000f3500000,0x00000000f7728f18,0x00000000fa800000)
  to   space 121344K, 0% used [0x00000000ebe80000,0x00000000ebe80000,0x00000000f3500000)
 ParOldGen       total 836096K, used 193884K [0x00000000a0000000, 0x00000000d3080000, 0x00000000e0000000)
  object space 836096K, 23% used [0x00000000a0000000,0x00000000abd570d8,0x00000000d3080000)
 Metaspace       used 111042K, capacity 116942K, committed 117288K, reserved 1150976K
  class space    used 13807K, capacity 14773K, committed 14896K, reserved 1048576K
Event: 3748.950 GC heap after
Heap after GC invocations=162 (full 17):
 PSYoungGen      total 316416K, used 113169K [0x00000000e0000000, 0x00000000fd680000, 0x0000000100000000)
  eden space 195072K, 0% used [0x00000000e0000000,0x00000000e0000000,0x00000000ebe80000)
  from space 121344K, 93% used [0x00000000ebe80000,0x00000000f2d04600,0x00000000f3500000)
  to   space 140800K, 0% used [0x00000000f4d00000,0x00000000f4d00000,0x00000000fd680000)
 ParOldGen       total 836096K, used 193892K [0x00000000a0000000, 0x00000000d3080000, 0x00000000e0000000)
  object space 836096K, 23% used [0x00000000a0000000,0x00000000abd590d8,0x00000000d3080000)
 Metaspace       used 111042K, capacity 116942K, committed 117288K, reserved 1150976K
  class space    used 13807K, capacity 14773K, committed 14896K, reserved 1048576K
}
Event: 3749.203 GC heap before
{Heap before GC invocations=163 (full 17):
 PSYoungGen      total 316416K, used 308183K [0x00000000e0000000, 0x00000000fd680000, 0x0000000100000000)
  eden space 195072K, 99% used [0x00000000e0000000,0x00000000ebe71680,0x00000000ebe80000)
  from space 121344K, 93% used [0x00000000ebe80000,0x00000000f2d04600,0x00000000f3500000)
  to   space 140800K, 0% used [0x00000000f4d00000,0x00000000f4d00000,0x00000000fd680000)
 ParOldGen       total 836096K, used 193892K [0x00000000a0000000, 0x00000000d3080000, 0x00000000e0000000)
  object space 836096K, 23% used [0x00000000a0000000,0x00000000abd590d8,0x00000000d3080000)
 Metaspace       used 111102K, capacity 117018K, committed 117288K, reserved 1150976K
  class space    used 13808K, capacity 14775K, committed 14896K, reserved 1048576K

